Build started 8/08/2014 3:04:59 PM.
     1>Project "C:\Users\tlan16\git\MIPS32_verilog\matrix_multiplication\matrix_mul\matrix_mul\matrix_mul.vcxproj" on node 2 (build target(s)).
     1>InitializeBuildStatus:
         Creating "Debug\matrix_mul.unsuccessfulbuild" because "AlwaysCreate" was specified.
       ClCompile:
         C:\Program Files (x86)\Microsoft Visual Studio 10.0\VC\bin\CL.exe /c /ZI /nologo /W3 /WX- /Od /Oy- /D _MBCS /Gm /EHsc /RTC1 /MDd /GS /fp:precise /Zc:wchar_t /Zc:forScope /Fo"Debug\\" /Fd"Debug\vc100.pdb" /Gd /TP /analyze- /errorReport:prompt source.cpp
         source.cpp
     1>c:\users\tlan16\git\mips32_verilog\matrix_multiplication\matrix_mul\matrix_mul\source.cpp(84): warning C4996: 'getch': The POSIX name for this item is deprecated. Instead, use the ISO C++ conformant name: _getch. See online help for details.
                 c:\program files (x86)\microsoft visual studio 10.0\vc\include\conio.h(128) : see declaration of 'getch'
       Link:
         C:\Program Files (x86)\Microsoft Visual Studio 10.0\VC\bin\link.exe /ERRORREPORT:PROMPT /OUT:"C:\Users\tlan16\git\MIPS32_verilog\matrix_multiplication\matrix_mul\Debug\matrix_mul.exe" /NOLOGO kernel32.lib user32.lib gdi32.lib winspool.lib comdlg32.lib advapi32.lib shell32.lib ole32.lib oleaut32.lib uuid.lib odbc32.lib odbccp32.lib /MANIFEST /ManifestFile:"Debug\matrix_mul.exe.intermediate.manifest" /MANIFESTUAC:"level='asInvoker' uiAccess='false'" /DEBUG /PDB:"C:\Users\tlan16\git\MIPS32_verilog\matrix_multiplication\matrix_mul\Debug\matrix_mul.pdb" /TLBID:1 /DYNAMICBASE /NXCOMPAT /IMPLIB:"C:\Users\tlan16\git\MIPS32_verilog\matrix_multiplication\matrix_mul\Debug\matrix_mul.lib" /MACHINE:X86 Debug\source.obj
         LINK : C:\Users\tlan16\git\MIPS32_verilog\matrix_multiplication\matrix_mul\Debug\matrix_mul.exe not found or not built by the last incremental link; performing full link
         matrix_mul.vcxproj -> C:\Users\tlan16\git\MIPS32_verilog\matrix_multiplication\matrix_mul\Debug\matrix_mul.exe
       Manifest:
         c:\Program Files (x86)\Microsoft SDKs\Windows\v7.0A\bin\mt.exe /nologo /verbose /outputresource:"C:\Users\tlan16\git\MIPS32_verilog\matrix_multiplication\matrix_mul\Debug\matrix_mul.exe;#1" /manifest Debug\matrix_mul.exe.intermediate.manifest
       FinalizeBuildStatus:
         Deleting file "Debug\matrix_mul.unsuccessfulbuild".
         Touching "Debug\matrix_mul.lastbuildstate".
     1>Done Building Project "C:\Users\tlan16\git\MIPS32_verilog\matrix_multiplication\matrix_mul\matrix_mul\matrix_mul.vcxproj" (build target(s)).

Build succeeded.

Time Elapsed 00:00:00.37
