scfifo=cbx_scfifo.dll
dcfifo=cbx_dcfifo.dll
altmemmult=cbx_altmemmult.dll;TREAT_DEFAULT_VALUE_AS_UNUSED
altmult_add=cbx_altmult_add.dll;TREAT_DEFAULT_VALUE_AS_UNUSED
lpm_mult=cbx_lpm_mult.dll;TREAT_DEFAULT_VALUE_AS_UNUSED
altpll_reconfig=cbx_altpll_reconfig.dll;TREAT_DEFAULT_VALUE_AS_UNUSED
altremote_update=cbx_altremote_update.dll;TREAT_DEFAULT_VALUE_AS_UNUSED
altremote_update_avalon=cbx_altremote_update_avalon.dll;TREAT_DEFAULT_VALUE_AS_UNUSED
altaccumulate=cbx_altaccumulate.dll
altfp_mult=cbx_altfp_mult.dll;TREAT_DEFAULT_VALUE_AS_UNUSED
altdqs=cbx_altdqs.dll;TREAT_DEFAULT_VALUE_AS_UNUSED
altdq=cbx_altdq.dll;TREAT_DEFAULT_VALUE_AS_UNUSED
lpm_mux=cbx_lpm_mux.dll
altshift_taps=cbx_altshift_taps.dll;TREAT_DEFAULT_VALUE_AS_UNUSED
lpm_add_sub=cbx_lpm_add_sub.dll
lpm_compare=cbx_lpm_compare.dll;TREAT_DEFAULT_VALUE_AS_UNUSED
lpm_clshift=cbx_lpm_clshift.dll;TREAT_DEFAULT_VALUE_AS_UNUSED
lpm_counter=cbx_lpm_counter.dll;TREAT_DEFAULT_VALUE_AS_UNUSED
altsyncram=cbx_altsyncram.dll;TREAT_DEFAULT_VALUE_AS_UNUSED
altclkctrl=cbx_altclkbuf.dll;TREAT_DEFAULT_VALUE_AS_UNUSED
alt_zaccum=cbx_alt_zaccum.dll;TREAT_DEFAULT_VALUE_AS_UNUSED
altddio_in=cbx_altddio_in.dll;TREAT_DEFAULT_VALUE_AS_UNUSED
altddio_out=cbx_altddio_out.dll;TREAT_DEFAULT_VALUE_AS_UNUSED
altddio_bidir=cbx_altddio_bidir.dll;TREAT_DEFAULT_VALUE_AS_UNUSED
sld_ela_trigger=cbx_sld_ela_trigger.dll
sld_ela_trigger_flow_sel=cbx_sld_ela_trigger_flow_sel.dll
parallel_add=cbx_parallel_add.dll
altmult_accum=cbx_altmult_accum.dll;TREAT_DEFAULT_VALUE_AS_UNUSED
altufm_none=cbx_altufm_none.dll;TREAT_DEFAULT_VALUE_AS_UNUSED
altufm_parallel=cbx_altufm_parallel.dll;TREAT_DEFAULT_VALUE_AS_UNUSED
altufm_spi=cbx_altufm_spi.dll;TREAT_DEFAULT_VALUE_AS_UNUSED
altsquare=cbx_altsquare.dll;TREAT_DEFAULT_VALUE_AS_UNUSED
a_graycounter=cbx_a_graycounter.dll;TREAT_DEFAULT_VALUE_AS_UNUSED
lpm_ram_dq=cbx_lpm_ram_dq.dll;TREAT_DEFAULT_VALUE_AS_UNUSED
altrom=cbx_altrom.dll
lpm_constant=cbx_lpm_constant.dll
lpm_decode=cbx_lpm_decode.dll
lpm_divide=cbx_lpm_divide.dll
altlvds_rx=cbx_altlvds_rx.dll;TREAT_DEFAULT_VALUE_AS_UNUSED
altlvds_tx=cbx_altlvds_tx.dll;TREAT_DEFAULT_VALUE_AS_UNUSED
altufm_osc=cbx_altufm_osc.dll
altufm_i2c=cbx_altufm_i2c.dll;TREAT_DEFAULT_VALUE_AS_UNUSED
altfp_add_sub=cbx_altfp_add_sub.dll;TREAT_DEFAULT_VALUE_AS_UNUSED
altbarrel_shift=cbx_altbarrel_shift.dll;TREAT_DEFAULT_VALUE_AS_UNUSED
altpriority_encoder=cbx_altpriority_encoder.dll;TREAT_DEFAULT_VALUE_AS_UNUSED
altasmi_parallel=cbx_altasmi_parallel.dll;TREAT_DEFAULT_VALUE_AS_UNUSED
alt2gxb_reconfig=cbx_alt2gxb_reconfig.dll;TREAT_DEFAULT_VALUE_AS_UNUSED
alt_c3gxb_reconfig=cbx_alt_c3gxb_reconfig.dll;TREAT_DEFAULT_VALUE_AS_UNUSED
alt_mac_mult=cbx_alt_mac_mult.dll
alt_mac_out=cbx_alt_mac_out.dll
altfp_div=cbx_altfp_div.dll;TREAT_DEFAULT_VALUE_AS_UNUSED
altdpram=cbx_altdpram.dll;TREAT_DEFAULT_VALUE_AS_UNUSED
altpll=cbx_altpll.dll;TREAT_DEFAULT_VALUE_AS_UNUSED
alt_oct=cbx_alt_oct.dll;TREAT_DEFAULT_VALUE_AS_UNUSED
dcfifo_mixed_widths=cbx_dcfifo.dll
altecc_encoder=cbx_altecc_encoder.dll
altecc_decoder=cbx_altecc_decoder.dll
altiobuf_in=cbx_altiobuf_in.dll;TREAT_DEFAULT_VALUE_AS_UNUSED
altiobuf_out=cbx_altiobuf_out.dll;TREAT_DEFAULT_VALUE_AS_UNUSED
altiobuf_bidir=cbx_altiobuf_bidir.dll;TREAT_DEFAULT_VALUE_AS_UNUSED
altfp_compare=cbx_altfp_compare.dll;TREAT_DEFAULT_VALUE_AS_UNUSED
altfp_sqrt=cbx_altfp_sqrt.dll;TREAT_DEFAULT_VALUE_AS_UNUSED
altmult_complex=cbx_altmult_complex.dll;TREAT_DEFAULT_VALUE_AS_UNUSED
altfp_convert=cbx_altfp_convert.dll;TREAT_DEFAULT_VALUE_AS_UNUSED
altpcie_hip=cbx_altpcie_hip.dll;TREAT_DEFAULT_VALUE_AS_UNUSED
alt4gxb=cbx_alt4gxb.dll;TREAT_DEFAULT_VALUE_AS_UNUSED
alt_c3gxb=cbx_alt_c3gxb.dll;TREAT_DEFAULT_VALUE_AS_UNUSED
altdll=cbx_altdll;TREAT_DEFAULT_VALUE_AS_UNUSED
altmem_init=cbx_altmem_init.dll;TREAT_DEFAULT_VALUE_AS_UNUSED
altfp_abs=cbx_altfp_abs.dll;TREAT_DEFAULT_VALUE_AS_UNUSED
alt_oct_aii=cbx_alt_oct_aii.dll;TREAT_DEFAULT_VALUE_AS_UNUSED
alt_oct_power=cbx_alt_oct_power.dll;TREAT_DEFAULT_VALUE_AS_UNUSED
altfp_inv=cbx_altfp_inv.dll;TREAT_DEFAULT_VALUE_AS_UNUSED
altfp_log=cbx_altfp_log.dll;TREAT_DEFAULT_VALUE_AS_UNUSED
altfp_inv_sqrt=cbx_altfp_inv_sqrt.dll;TREAT_DEFAULT_VALUE_AS_UNUSED
altfp_exp=cbx_altfp_exp.dll;TREAT_DEFAULT_VALUE_AS_UNUSED
altfp_sincos=cbx_altfp_sincos.dll;TREAT_DEFAULT_VALUE_AS_UNUSED
altfpc_lib=cbx_altfpc_lib.dll;TREAT_DEFAULT_VALUE_AS_UNUSED
alttemp_sense=cbx_alttemp_sense.dll;TREAT_DEFAULT_VALUE_AS_UNUSED
altotp=cbx_altotp.dll;TREAT_DEFAULT_VALUE_AS_UNUSED
alt_cal=cbx_alt_cal.dll;TREAT_DEFAULT_VALUE_AS_UNUSED
altfp_matrix_mult=cbx_altfp_matrix_mult.dll;TREAT_DEFAULT_VALUE_AS_UNUSED
altfp_matrix_inv=cbx_altfp_matrix_inv.dll;TREAT_DEFAULT_VALUE_AS_UNUSED
altdq_dqs=cbx_altdq_dqs.dll;TREAT_DEFAULT_VALUE_AS_UNUSED
altmult_opt=cbx_altmult_opt.dll;TREAT_DEFAULT_VALUE_AS_UNUSED
altfp_atan=cbx_altfp_atan.dll;TREAT_DEFAULT_VALUE_AS_UNUSED
altint_osc=cbx_altint_osc.dll;TREAT_DEFAULT_VALUE_AS_UNUSED
