Database Export report for Mips
Thu Sep 11 19:21:45 2014
Quartus II 64-Bit Version 12.0 Build 178 05/31/2012 SJ Full Version


---------------------
; Table of Contents ;
---------------------
  1. Legal Notice
  2. Database Export Summary
  3. Database Export Messages



----------------
; Legal Notice ;
----------------
Copyright (C) 1991-2012 Altera Corporation
Your use of Altera Corporation's design tools, logic functions 
and other software and tools, and its AMPP partner logic 
functions, and any output files from any of the foregoing 
(including device programming or simulation files), and any 
associated documentation or information are expressly subject 
to the terms and conditions of the Altera Program License 
Subscription Agreement, Altera MegaCore Function License 
Agreement, or other applicable license agreement, including, 
without limitation, that your use is for the sole purpose of 
programming logic devices manufactured by Altera and sold by 
Altera or its authorized distributors.  Please refer to the 
applicable agreement for further details.



+----------------------------------------------------------------+
; Database Export Summary                                        ;
+------------------------+---------------------------------------+
; Database Export Status ; Successful - Thu Sep 11 19:21:45 2014 ;
; Revision Name          ; Mips                                  ;
; Top-level Entity Name  ; Mips                                  ;
; Family                 ; Cyclone IV E                          ;
; Device                 ; EP4CE115F29C7                         ;
+------------------------+---------------------------------------+


+--------------------------+
; Database Export Messages ;
+--------------------------+
Info: *******************************************************************
Info: Running Quartus II 64-Bit Database Export
    Info: Version 12.0 Build 178 05/31/2012 SJ Full Version
    Info: Processing started: Thu Sep 11 19:21:42 2014
Info: Command: quartus_cdb Mips -c Mips --export_database=export_db
Info (39038): Successfully exported the post-synthesis black-box database
Info (39038): Successfully exported the post-synthesis database
Info (39038): Successfully exported the post-fitter database
Info: Quartus II 64-Bit Database Export was successful. 0 errors, 0 warnings
    Info: Peak virtual memory: 424 megabytes
    Info: Processing ended: Thu Sep 11 19:21:45 2014
    Info: Elapsed time: 00:00:03
    Info: Total CPU time (on all processors): 00:00:03


