Flow report for Mips
Thu Sep 11 19:21:45 2014
Quartus II 64-Bit Version 12.0 Build 178 05/31/2012 SJ Full Version


---------------------
; Table of Contents ;
---------------------
  1. Legal Notice
  2. Flow Summary
  3. Flow Settings
  4. Flow Non-Default Global Settings
  5. Flow Elapsed Time
  6. Flow OS Summary
  7. Flow Log



----------------
; Legal Notice ;
----------------
Copyright (C) 1991-2012 Altera Corporation
Your use of Altera Corporation's design tools, logic functions 
and other software and tools, and its AMPP partner logic 
functions, and any output files from any of the foregoing 
(including device programming or simulation files), and any 
associated documentation or information are expressly subject 
to the terms and conditions of the Altera Program License 
Subscription Agreement, Altera MegaCore Function License 
Agreement, or other applicable license agreement, including, 
without limitation, that your use is for the sole purpose of 
programming logic devices manufactured by Altera and sold by 
Altera or its authorized distributors.  Please refer to the 
applicable agreement for further details.



+--------------------------------------------------------------------------------+
; Flow Summary                                                                   ;
+------------------------------------+-------------------------------------------+
; Flow Status                        ; Successful - Thu Sep 11 19:21:45 2014     ;
; Quartus II 64-Bit Version          ; 12.0 Build 178 05/31/2012 SJ Full Version ;
; Revision Name                      ; Mips                                      ;
; Top-level Entity Name              ; Mips                                      ;
; Family                             ; Cyclone IV E                              ;
; Device                             ; EP4CE115F29C7                             ;
; Timing Models                      ; Final                                     ;
; Total logic elements               ; 1,269 / 114,480 ( 1 % )                   ;
;     Total combinational functions  ; 1,184 / 114,480 ( 1 % )                   ;
;     Dedicated logic registers      ; 598 / 114,480 ( < 1 % )                   ;
; Total registers                    ; 598                                       ;
; Total pins                         ; 491 / 529 ( 93 % )                        ;
; Total virtual pins                 ; 0                                         ;
; Total memory bits                  ; 18,432 / 3,981,312 ( < 1 % )              ;
; Embedded Multiplier 9-bit elements ; 6 / 532 ( 1 % )                           ;
; Total PLLs                         ; 0 / 4 ( 0 % )                             ;
+------------------------------------+-------------------------------------------+


+-----------------------------------------+
; Flow Settings                           ;
+-------------------+---------------------+
; Option            ; Setting             ;
+-------------------+---------------------+
; Start date & time ; 09/11/2014 18:32:01 ;
; Main task         ; Compilation         ;
; Revision Name     ; Mips                ;
+-------------------+---------------------+


+----------------------------------------------------------------------------------------------------------------------------------+
; Flow Non-Default Global Settings                                                                                                 ;
+--------------------------------------+---------------------------------------+--------------------+-------------+----------------+
; Assignment Name                      ; Value                                 ; Default Value      ; Entity Name ; Section Id     ;
+--------------------------------------+---------------------------------------+--------------------+-------------+----------------+
; COMPILER_SIGNATURE_ID                ; 165409486595.141042432107520          ; --                 ; --          ; --             ;
; CYCLONEII_OPTIMIZATION_TECHNIQUE     ; Speed                                 ; Balanced           ; --          ; --             ;
; EDA_DESIGN_INSTANCE_NAME             ; NA                                    ; --                 ; --          ; testbench      ;
; EDA_NATIVELINK_SIMULATION_TEST_BENCH ; testbench                             ; --                 ; --          ; eda_simulation ;
; EDA_OUTPUT_DATA_FORMAT               ; Verilog Hdl                           ; --                 ; --          ; eda_simulation ;
; EDA_SIMULATION_TOOL                  ; ModelSim-Altera (Verilog)             ; <None>             ; --          ; --             ;
; EDA_TEST_BENCH_ENABLE_STATUS         ; TEST_BENCH_MODE                       ; --                 ; --          ; eda_simulation ;
; EDA_TEST_BENCH_FILE                  ; simulation/modelsim/testbench.v       ; --                 ; --          ; testbench      ;
; EDA_TEST_BENCH_MODULE_NAME           ; testbench                             ; --                 ; --          ; testbench      ;
; EDA_TEST_BENCH_NAME                  ; testbench                             ; --                 ; --          ; eda_simulation ;
; EDA_TIME_SCALE                       ; 1 ps                                  ; --                 ; --          ; eda_simulation ;
; FITTER_EFFORT                        ; Standard Fit                          ; Auto Fit           ; --          ; --             ;
; MAX_CORE_JUNCTION_TEMP               ; 85                                    ; --                 ; --          ; --             ;
; MIN_CORE_JUNCTION_TEMP               ; 0                                     ; --                 ; --          ; --             ;
; OPTIMIZE_HOLD_TIMING                 ; IO Paths and Minimum TPD Paths        ; All Paths          ; --          ; --             ;
; OPTIMIZE_POWER_DURING_FITTING        ; Off                                   ; Normal compilation ; --          ; --             ;
; OPTIMIZE_POWER_DURING_SYNTHESIS      ; Off                                   ; Normal compilation ; --          ; --             ;
; PARTITION_COLOR                      ; 16764057                              ; --                 ; --          ; Top            ;
; PARTITION_FITTER_PRESERVATION_LEVEL  ; PLACEMENT_AND_ROUTING                 ; --                 ; --          ; Top            ;
; PARTITION_NETLIST_TYPE               ; SOURCE                                ; --                 ; --          ; Top            ;
; POWER_BOARD_THERMAL_MODEL            ; None (CONSERVATIVE)                   ; --                 ; --          ; --             ;
; POWER_PRESET_COOLING_SOLUTION        ; 23 MM HEAT SINK WITH 200 LFPM AIRFLOW ; --                 ; --          ; --             ;
; SYNTH_TIMING_DRIVEN_SYNTHESIS        ; Off                                   ; On                 ; --          ; --             ;
+--------------------------------------+---------------------------------------+--------------------+-------------+----------------+


+-------------------------------------------------------------------------------------------------------------------------------+
; Flow Elapsed Time                                                                                                             ;
+---------------------------+--------------+-------------------------+---------------------+------------------------------------+
; Module Name               ; Elapsed Time ; Average Processors Used ; Peak Virtual Memory ; Total CPU Time (on all processors) ;
+---------------------------+--------------+-------------------------+---------------------+------------------------------------+
; Analysis & Synthesis      ; 00:00:04     ; 1.0                     ; 430 MB              ; 00:00:05                           ;
; Fitter                    ; 00:01:03     ; 3.5                     ; 900 MB              ; 00:01:20                           ;
; Assembler                 ; 00:00:05     ; 1.0                     ; 398 MB              ; 00:00:05                           ;
; TimeQuest Timing Analyzer ; 00:00:05     ; 1.0                     ; 511 MB              ; 00:00:06                           ;
; EDA Netlist Writer        ; 00:00:03     ; 1.0                     ; 382 MB              ; 00:00:03                           ;
; Database Export           ; 00:00:03     ; 1.0                     ; 390 MB              ; 00:00:03                           ;
; Database Export           ; 00:00:03     ; 1.0                     ; 390 MB              ; 00:00:03                           ;
; Total                     ; 00:01:26     ; --                      ; --                  ; 00:01:45                           ;
+---------------------------+--------------+-------------------------+---------------------+------------------------------------+


+----------------------------------------------------------------------------------------+
; Flow OS Summary                                                                        ;
+---------------------------+------------------+-----------+------------+----------------+
; Module Name               ; Machine Hostname ; OS Name   ; OS Version ; Processor type ;
+---------------------------+------------------+-----------+------------+----------------+
; Analysis & Synthesis      ; DS-PC            ; Windows 7 ; 6.1        ; x86_64         ;
; Fitter                    ; DS-PC            ; Windows 7 ; 6.1        ; x86_64         ;
; Assembler                 ; DS-PC            ; Windows 7 ; 6.1        ; x86_64         ;
; TimeQuest Timing Analyzer ; DS-PC            ; Windows 7 ; 6.1        ; x86_64         ;
; EDA Netlist Writer        ; DS-PC            ; Windows 7 ; 6.1        ; x86_64         ;
; Database Export           ; DS-PC            ; Windows 7 ; 6.1        ; x86_64         ;
; Database Export           ; DS-PC            ; Windows 7 ; 6.1        ; x86_64         ;
+---------------------------+------------------+-----------+------------+----------------+


------------
; Flow Log ;
------------
quartus_map --read_settings_files=on --write_settings_files=off Mips -c Mips
quartus_fit --read_settings_files=off --write_settings_files=off Mips -c Mips
quartus_asm --read_settings_files=off --write_settings_files=off Mips -c Mips
quartus_sta Mips -c Mips
quartus_eda --read_settings_files=off --write_settings_files=off Mips -c Mips
quartus_cdb Mips -c Mips --export_database=export_db
quartus_sh --archive -revision Mips -output L:/Manchun_final05.qar -use_file_set custom -input C:/Users/DS/OneDrive/2014_Semester/ECE4074_Advanced_computer_architecture/Lab1/Mips_should_be_alright_restored/arc_file_list_temp.tmp.txt -use_file_subset qsf -use_file_subset auto -use_file_subset qic -use_file_subset out -use_file_subset rpt -use_file_subset export_db_all -use_file_subset lib -export Mips
quartus_cdb Mips -c Mips --export_database=export_db



