Flow report for MIPS32
Tue Sep 02 16:37:00 2014
Quartus II 64-Bit Version 12.0 Build 178 05/31/2012 SJ Full Version


---------------------
; Table of Contents ;
---------------------
  1. Legal Notice
  2. Flow Summary
  3. Flow Settings
  4. Flow Non-Default Global Settings
  5. Flow Elapsed Time
  6. Flow OS Summary
  7. Flow Log



----------------
; Legal Notice ;
----------------
Copyright (C) 1991-2012 Altera Corporation
Your use of Altera Corporation's design tools, logic functions 
and other software and tools, and its AMPP partner logic 
functions, and any output files from any of the foregoing 
(including device programming or simulation files), and any 
associated documentation or information are expressly subject 
to the terms and conditions of the Altera Program License 
Subscription Agreement, Altera MegaCore Function License 
Agreement, or other applicable license agreement, including, 
without limitation, that your use is for the sole purpose of 
programming logic devices manufactured by Altera and sold by 
Altera or its authorized distributors.  Please refer to the 
applicable agreement for further details.



+--------------------------------------------------------------------------------+
; Flow Summary                                                                   ;
+------------------------------------+-------------------------------------------+
; Flow Status                        ; Successful - Tue Sep 02 16:37:00 2014     ;
; Quartus II 64-Bit Version          ; 12.0 Build 178 05/31/2012 SJ Full Version ;
; Revision Name                      ; MIPS32                                    ;
; Top-level Entity Name              ; MIPS32                                    ;
; Family                             ; Cyclone IV E                              ;
; Device                             ; EP4CE115F29C7                             ;
; Timing Models                      ; Final                                     ;
; Total logic elements               ; 495 / 114,480 ( < 1 % )                   ;
;     Total combinational functions  ; 322 / 114,480 ( < 1 % )                   ;
;     Dedicated logic registers      ; 396 / 114,480 ( < 1 % )                   ;
; Total registers                    ; 396                                       ;
; Total pins                         ; 37 / 529 ( 7 % )                          ;
; Total virtual pins                 ; 0                                         ;
; Total memory bits                  ; 1,024 / 3,981,312 ( < 1 % )               ;
; Embedded Multiplier 9-bit elements ; 0 / 532 ( 0 % )                           ;
; Total PLLs                         ; 0 / 4 ( 0 % )                             ;
+------------------------------------+-------------------------------------------+


+-----------------------------------------+
; Flow Settings                           ;
+-------------------+---------------------+
; Option            ; Setting             ;
+-------------------+---------------------+
; Start date & time ; 09/02/2014 16:30:54 ;
; Main task         ; Compilation         ;
; Revision Name     ; MIPS32              ;
+-------------------+---------------------+


+----------------------------------------------------------------------------------------------------------------------+
; Flow Non-Default Global Settings                                                                                     ;
+-------------------------------------+---------------------------------+---------------+-------------+----------------+
; Assignment Name                     ; Value                           ; Default Value ; Entity Name ; Section Id     ;
+-------------------------------------+---------------------------------+---------------+-------------+----------------+
; COMPILER_SIGNATURE_ID               ; 220314643107714.140963945430504 ; --            ; --          ; --             ;
; EDA_OUTPUT_DATA_FORMAT              ; Vhdl                            ; --            ; --          ; eda_simulation ;
; EDA_SIMULATION_TOOL                 ; ModelSim-Altera (VHDL)          ; <None>        ; --          ; --             ;
; ENABLE_SIGNALTAP                    ; On                              ; --            ; --          ; --             ;
; MAX_CORE_JUNCTION_TEMP              ; 85                              ; --            ; --          ; --             ;
; MIN_CORE_JUNCTION_TEMP              ; 0                               ; --            ; --          ; --             ;
; PARTITION_COLOR                     ; 16764057                        ; --            ; --          ; Top            ;
; PARTITION_FITTER_PRESERVATION_LEVEL ; PLACEMENT_AND_ROUTING           ; --            ; --          ; Top            ;
; PARTITION_NETLIST_TYPE              ; SOURCE                          ; --            ; --          ; Top            ;
; USE_SIGNALTAP_FILE                  ; stp1.stp                        ; --            ; --          ; --             ;
+-------------------------------------+---------------------------------+---------------+-------------+----------------+


+-------------------------------------------------------------------------------------------------------------------------------+
; Flow Elapsed Time                                                                                                             ;
+---------------------------+--------------+-------------------------+---------------------+------------------------------------+
; Module Name               ; Elapsed Time ; Average Processors Used ; Peak Virtual Memory ; Total CPU Time (on all processors) ;
+---------------------------+--------------+-------------------------+---------------------+------------------------------------+
; Analysis & Synthesis      ; 00:00:01     ; 1.0                     ; 407 MB              ; 00:00:01                           ;
; Fitter                    ; 00:00:10     ; 2.9                     ; 849 MB              ; 00:00:14                           ;
; TimeQuest Timing Analyzer ; 00:00:02     ; 1.0                     ; 482 MB              ; 00:00:02                           ;
; Assembler                 ; 00:00:04     ; 1.0                     ; 402 MB              ; 00:00:04                           ;
; EDA Netlist Writer        ; 00:00:00     ; 1.0                     ; 356 MB              ; 00:00:00                           ;
; Analysis & Synthesis      ; 00:00:06     ; 1.5                     ; 502 MB              ; 00:00:04                           ;
; Partition Merge           ; 00:00:01     ; 1.0                     ; 404 MB              ; 00:00:01                           ;
; Fitter                    ; 00:00:12     ; 2.7                     ; 854 MB              ; 00:00:15                           ;
; TimeQuest Timing Analyzer ; 00:00:02     ; 1.0                     ; 484 MB              ; 00:00:02                           ;
; Assembler                 ; 00:00:04     ; 1.0                     ; 398 MB              ; 00:00:04                           ;
; EDA Netlist Writer        ; 00:00:01     ; 1.0                     ; 368 MB              ; 00:00:01                           ;
; Total                     ; 00:00:43     ; --                      ; --                  ; 00:00:48                           ;
+---------------------------+--------------+-------------------------+---------------------+------------------------------------+


+----------------------------------------------------------------------------------------+
; Flow OS Summary                                                                        ;
+---------------------------+------------------+-----------+------------+----------------+
; Module Name               ; Machine Hostname ; OS Name   ; OS Version ; Processor type ;
+---------------------------+------------------+-----------+------------+----------------+
; Analysis & Synthesis      ; Frank-Desktop-N  ; Windows 7 ; 6.1        ; x86_64         ;
; Fitter                    ; Frank-Desktop-N  ; Windows 7 ; 6.1        ; x86_64         ;
; TimeQuest Timing Analyzer ; Frank-Desktop-N  ; Windows 7 ; 6.1        ; x86_64         ;
; Assembler                 ; Frank-Desktop-N  ; Windows 7 ; 6.1        ; x86_64         ;
; EDA Netlist Writer        ; Frank-Desktop-N  ; Windows 7 ; 6.1        ; x86_64         ;
; Analysis & Synthesis      ; Frank-Desktop-N  ; Windows 7 ; 6.1        ; x86_64         ;
; Partition Merge           ; Frank-Desktop-N  ; Windows 7 ; 6.1        ; x86_64         ;
; Fitter                    ; Frank-Desktop-N  ; Windows 7 ; 6.1        ; x86_64         ;
; TimeQuest Timing Analyzer ; Frank-Desktop-N  ; Windows 7 ; 6.1        ; x86_64         ;
; Assembler                 ; Frank-Desktop-N  ; Windows 7 ; 6.1        ; x86_64         ;
; EDA Netlist Writer        ; Frank-Desktop-N  ; Windows 7 ; 6.1        ; x86_64         ;
+---------------------------+------------------+-----------+------------+----------------+


------------
; Flow Log ;
------------
quartus_map --read_settings_files=on --write_settings_files=off MIPS32 -c MIPS32
quartus_fit --read_settings_files=off --write_settings_files=off MIPS32 -c MIPS32
quartus_sta MIPS32 -c MIPS32
quartus_asm --read_settings_files=off --write_settings_files=off MIPS32 -c MIPS32
quartus_eda --read_settings_files=off --write_settings_files=off MIPS32 -c MIPS32
quartus_map --read_settings_files=on --write_settings_files=off MIPS32 -c MIPS32
quartus_cdb --read_settings_files=off --write_settings_files=off MIPS32 -c MIPS32 --merge=on
quartus_fit --read_settings_files=off --write_settings_files=off MIPS32 -c MIPS32
quartus_sta MIPS32 -c MIPS32
quartus_asm --read_settings_files=off --write_settings_files=off MIPS32 -c MIPS32
quartus_eda --read_settings_files=off --write_settings_files=off MIPS32 -c MIPS32



