Flow report for before_fixing_bug
Fri Sep 12 01:11:40 2014
Quartus II 64-Bit Version 12.0 Build 178 05/31/2012 SJ Full Version


---------------------
; Table of Contents ;
---------------------
  1. Legal Notice
  2. Flow Summary
  3. Flow Settings
  4. Flow Non-Default Global Settings
  5. Flow Elapsed Time
  6. Flow OS Summary
  7. Flow Log



----------------
; Legal Notice ;
----------------
Copyright (C) 1991-2012 Altera Corporation
Your use of Altera Corporation's design tools, logic functions 
and other software and tools, and its AMPP partner logic 
functions, and any output files from any of the foregoing 
(including device programming or simulation files), and any 
associated documentation or information are expressly subject 
to the terms and conditions of the Altera Program License 
Subscription Agreement, Altera MegaCore Function License 
Agreement, or other applicable license agreement, including, 
without limitation, that your use is for the sole purpose of 
programming logic devices manufactured by Altera and sold by 
Altera or its authorized distributors.  Please refer to the 
applicable agreement for further details.



+--------------------------------------------------------------------------------+
; Flow Summary                                                                   ;
+------------------------------------+-------------------------------------------+
; Flow Status                        ; Flow Failed - Fri Sep 12 01:11:40 2014    ;
; Quartus II 64-Bit Version          ; 12.0 Build 178 05/31/2012 SJ Full Version ;
; Revision Name                      ; before_fixing_bug                         ;
; Top-level Entity Name              ; MIPS32                                    ;
; Family                             ; Cyclone II                                ;
; Device                             ; EP2C70F896I8                              ;
; Timing Models                      ; Final                                     ;
; Total logic elements               ; N/A until Partition Merge                 ;
;     Total combinational functions  ; N/A until Partition Merge                 ;
;     Dedicated logic registers      ; N/A until Partition Merge                 ;
; Total registers                    ; N/A until Partition Merge                 ;
; Total pins                         ; N/A until Partition Merge                 ;
; Total virtual pins                 ; N/A until Partition Merge                 ;
; Total memory bits                  ; N/A until Partition Merge                 ;
; Embedded Multiplier 9-bit elements ; N/A until Partition Merge                 ;
; Total PLLs                         ; N/A until Partition Merge                 ;
+------------------------------------+-------------------------------------------+


+-----------------------------------------+
; Flow Settings                           ;
+-------------------+---------------------+
; Option            ; Setting             ;
+-------------------+---------------------+
; Start date & time ; 09/12/2014 01:11:39 ;
; Main task         ; Compilation         ;
; Revision Name     ; before_fixing_bug   ;
+-------------------+---------------------+


+-----------------------------------------------------------------------------------------------------------------------------------------------------------------------------------------------------------------------------------------+
; Flow Non-Default Global Settings                                                                                                                                                                                                        ;
+--------------------------------------+---------------------------------------------------------------------------------------------------------------------------------------------+-------------------+-------------+------------------+
; Assignment Name                      ; Value                                                                                                                                       ; Default Value     ; Entity Name ; Section Id       ;
+--------------------------------------+---------------------------------------------------------------------------------------------------------------------------------------------+-------------------+-------------+------------------+
; COMPILER_SIGNATURE_ID                ; 220314643107714.141044829910856                                                                                                             ; --                ; --          ; --               ;
; CYCLONEII_OPTIMIZATION_TECHNIQUE     ; Speed                                                                                                                                       ; Balanced          ; --          ; --               ;
; EDA_DESIGN_INSTANCE_NAME             ; NA                                                                                                                                          ; --                ; --          ; testbench        ;
; EDA_GENERATE_FUNCTIONAL_NETLIST      ; On                                                                                                                                          ; --                ; --          ; eda_simulation   ;
; EDA_NATIVELINK_SIMULATION_TEST_BENCH ; testbench                                                                                                                                   ; --                ; --          ; eda_simulation   ;
; EDA_OUTPUT_DATA_FORMAT               ; Verilog Hdl                                                                                                                                 ; --                ; --          ; eda_simulation   ;
; EDA_SIMULATION_TOOL                  ; ModelSim-Altera (Verilog)                                                                                                                   ; <None>            ; --          ; --               ;
; EDA_TEST_BENCH_ENABLE_STATUS         ; TEST_BENCH_MODE                                                                                                                             ; --                ; --          ; eda_simulation   ;
; EDA_TEST_BENCH_FILE                  ; simulation/modelsim/testbench.v                                                                                                             ; --                ; --          ; testbench        ;
; EDA_TEST_BENCH_MODULE_NAME           ; testbench                                                                                                                                   ; --                ; --          ; testbench        ;
; EDA_TEST_BENCH_NAME                  ; testbench                                                                                                                                   ; --                ; --          ; eda_simulation   ;
; EDA_TIME_SCALE                       ; 1 ns                                                                                                                                        ; --                ; --          ; eda_simulation   ;
; ENABLE_SIGNALTAP                     ; On                                                                                                                                          ; --                ; --          ; --               ;
; FITTER_EFFORT                        ; Standard Fit                                                                                                                                ; Auto Fit          ; --          ; --               ;
; MAX_CORE_JUNCTION_TEMP               ; 125                                                                                                                                         ; --                ; --          ; --               ;
; MIN_CORE_JUNCTION_TEMP               ; -40                                                                                                                                         ; --                ; --          ; --               ;
; PARTITION_COLOR                      ; 16764057                                                                                                                                    ; --                ; MIPS32      ; Top              ;
; PARTITION_FITTER_PRESERVATION_LEVEL  ; PLACEMENT_AND_ROUTING                                                                                                                       ; --                ; MIPS32      ; Top              ;
; PARTITION_NETLIST_TYPE               ; SOURCE                                                                                                                                      ; --                ; MIPS32      ; Top              ;
; POWER_BOARD_THERMAL_MODEL            ; None (CONSERVATIVE)                                                                                                                         ; --                ; --          ; --               ;
; POWER_PRESET_COOLING_SOLUTION        ; 23 MM HEAT SINK WITH 200 LFPM AIRFLOW                                                                                                       ; --                ; --          ; --               ;
; PROJECT_OUTPUT_DIRECTORY             ; output_files                                                                                                                                ; --                ; --          ; --               ;
; SEARCH_PATH                          ; Manchun/                                                                                                                                    ; --                ; --          ; --               ;
; SEARCH_PATH                          ; output_files/                                                                                                                               ; --                ; --          ; --               ;
; SEARCH_PATH                          ; simulation/modelsim/                                                                                                                        ; --                ; --          ; --               ;
; SLD_NODE_CREATOR_ID                  ; 110                                                                                                                                         ; --                ; --          ; auto_signaltap_0 ;
; SLD_NODE_ENTITY_NAME                 ; sld_signaltap                                                                                                                               ; --                ; --          ; auto_signaltap_0 ;
; SLD_NODE_PARAMETER_ASSIGNMENT        ; SLD_NODE_INFO=805334528                                                                                                                     ; --                ; --          ; auto_signaltap_0 ;
; SLD_NODE_PARAMETER_ASSIGNMENT        ; SLD_POWER_UP_TRIGGER=0                                                                                                                      ; --                ; --          ; auto_signaltap_0 ;
; SLD_NODE_PARAMETER_ASSIGNMENT        ; SLD_STORAGE_QUALIFIER_INVERSION_MASK_LENGTH=0                                                                                               ; --                ; --          ; auto_signaltap_0 ;
; SLD_NODE_PARAMETER_ASSIGNMENT        ; SLD_SEGMENT_SIZE=128                                                                                                                        ; --                ; --          ; auto_signaltap_0 ;
; SLD_NODE_PARAMETER_ASSIGNMENT        ; SLD_ATTRIBUTE_MEM_MODE=OFF                                                                                                                  ; --                ; --          ; auto_signaltap_0 ;
; SLD_NODE_PARAMETER_ASSIGNMENT        ; SLD_STATE_FLOW_USE_GENERATED=0                                                                                                              ; --                ; --          ; auto_signaltap_0 ;
; SLD_NODE_PARAMETER_ASSIGNMENT        ; SLD_STATE_BITS=11                                                                                                                           ; --                ; --          ; auto_signaltap_0 ;
; SLD_NODE_PARAMETER_ASSIGNMENT        ; SLD_BUFFER_FULL_STOP=1                                                                                                                      ; --                ; --          ; auto_signaltap_0 ;
; SLD_NODE_PARAMETER_ASSIGNMENT        ; SLD_CURRENT_RESOURCE_WIDTH=1                                                                                                                ; --                ; --          ; auto_signaltap_0 ;
; SLD_NODE_PARAMETER_ASSIGNMENT        ; SLD_TRIGGER_LEVEL=1                                                                                                                         ; --                ; --          ; auto_signaltap_0 ;
; SLD_NODE_PARAMETER_ASSIGNMENT        ; SLD_SAMPLE_DEPTH=128                                                                                                                        ; --                ; --          ; auto_signaltap_0 ;
; SLD_NODE_PARAMETER_ASSIGNMENT        ; SLD_TRIGGER_IN_ENABLED=0                                                                                                                    ; --                ; --          ; auto_signaltap_0 ;
; SLD_NODE_PARAMETER_ASSIGNMENT        ; SLD_ADVANCED_TRIGGER_ENTITY=basic,1,                                                                                                        ; --                ; --          ; auto_signaltap_0 ;
; SLD_NODE_PARAMETER_ASSIGNMENT        ; SLD_TRIGGER_LEVEL_PIPELINE=1                                                                                                                ; --                ; --          ; auto_signaltap_0 ;
; SLD_NODE_PARAMETER_ASSIGNMENT        ; SLD_ENABLE_ADVANCED_TRIGGER=0                                                                                                               ; --                ; --          ; auto_signaltap_0 ;
; SLD_NODE_PARAMETER_ASSIGNMENT        ; SLD_DATA_BITS=33                                                                                                                            ; --                ; --          ; auto_signaltap_0 ;
; SLD_NODE_PARAMETER_ASSIGNMENT        ; SLD_TRIGGER_BITS=33                                                                                                                         ; --                ; --          ; auto_signaltap_0 ;
; SLD_NODE_PARAMETER_ASSIGNMENT        ; SLD_INVERSION_MASK=000000000000000000000000000000000000000000000000000000000000000000000000000000000000000000000000000000000000000000000000 ; --                ; --          ; auto_signaltap_0 ;
; SLD_NODE_PARAMETER_ASSIGNMENT        ; SLD_INVERSION_MASK_LENGTH=120                                                                                                               ; --                ; --          ; auto_signaltap_0 ;
; SLD_NODE_PARAMETER_ASSIGNMENT        ; SLD_NODE_CRC_LOWORD=16713                                                                                                                   ; --                ; --          ; auto_signaltap_0 ;
; SLD_NODE_PARAMETER_ASSIGNMENT        ; SLD_NODE_CRC_HIWORD=6254                                                                                                                    ; --                ; --          ; auto_signaltap_0 ;
; SYNCHRONIZER_IDENTIFICATION          ; Auto                                                                                                                                        ; Off               ; --          ; --               ;
; SYNTH_TIMING_DRIVEN_SYNTHESIS        ; On                                                                                                                                          ; Off               ; --          ; --               ;
; TIMEQUEST_DO_REPORT_TIMING           ; On                                                                                                                                          ; Off               ; --          ; --               ;
; TOP_LEVEL_ENTITY                     ; MIPS32                                                                                                                                      ; before_fixing_bug ; --          ; --               ;
; USE_SIGNALTAP_FILE                   ; stp1.stp                                                                                                                                    ; --                ; --          ; --               ;
+--------------------------------------+---------------------------------------------------------------------------------------------------------------------------------------------+-------------------+-------------+------------------+


+--------------------------------------------------------------------------------------------------------------------------+
; Flow Elapsed Time                                                                                                        ;
+----------------------+--------------+-------------------------+---------------------+------------------------------------+
; Module Name          ; Elapsed Time ; Average Processors Used ; Peak Virtual Memory ; Total CPU Time (on all processors) ;
+----------------------+--------------+-------------------------+---------------------+------------------------------------+
; Analysis & Synthesis ; 00:00:01     ; 1.0                     ; 407 MB              ; 00:00:01                           ;
; Total                ; 00:00:01     ; --                      ; --                  ; 00:00:01                           ;
+----------------------+--------------+-------------------------+---------------------+------------------------------------+


+-----------------------------------------------------------------------------------+
; Flow OS Summary                                                                   ;
+----------------------+------------------+-----------+------------+----------------+
; Module Name          ; Machine Hostname ; OS Name   ; OS Version ; Processor type ;
+----------------------+------------------+-----------+------------+----------------+
; Analysis & Synthesis ; Frank-Desktop-N  ; Windows 7 ; 6.1        ; x86_64         ;
+----------------------+------------------+-----------+------------+----------------+


------------
; Flow Log ;
------------
quartus_map --read_settings_files=on --write_settings_files=off MIPS32 -c before_fixing_bug



